Mar-07 19:30:58.567 [main] DEBUG nextflow.cli.Launcher - $> nextflow run quality_chceck.nf
Mar-07 19:30:58.839 [main] INFO  nextflow.cli.CmdRun - N E X T F L O W  ~  version 19.10.0
Mar-07 19:30:58.871 [main] INFO  nextflow.cli.CmdRun - Launching `quality_chceck.nf` [cheesy_mirzakhani] - revision: 931ba56662
Mar-07 19:30:59.143 [main] DEBUG nextflow.extension.OperatorEx - Dataflow extension methods: branch,buffer,chain,choice,collate,collect,collectFile,combine,concat,count,countBy,countFasta,countFastq,countLines,countText,cross,distinct,filter,first,flatMap,flatten,fork,groupBy,groupTuple,ifEmpty,into,join,last,map,max,mean,merge,min,mix,phase,print,println,randomSample,reduce,separate,set,splitCsv,splitFasta,splitFastq,splitText,spread,subscribe,sum,take,tap,toDouble,toFloat,toInteger,toList,toLong,toSortedList,transpose,unique,until,view
Mar-07 19:30:59.159 [main] DEBUG nextflow.Session - Session uuid: cf176ff5-34ad-4d11-9d21-477da69cd703
Mar-07 19:30:59.159 [main] DEBUG nextflow.Session - Run name: cheesy_mirzakhani
Mar-07 19:30:59.163 [main] DEBUG nextflow.Session - Executor pool size: 4
Mar-07 19:30:59.246 [main] DEBUG nextflow.cli.CmdRun - 
  Version: 19.10.0 build 5170
  Created: 21-10-2019 15:07 UTC (20:37 IDT)
  System: Linux 5.3.0-40-generic
  Runtime: Groovy 2.5.8 on OpenJDK 64-Bit Server VM 11.0.1+13-LTS
  Encoding: UTF-8 (UTF-8)
  Process: 27957@sksahu-pc [192.168.1.5]
  CPUs: 4 - Mem: 7.7 GB (2.2 GB) - Swap: 7.4 GB (6.6 GB)
Mar-07 19:30:59.312 [main] DEBUG nextflow.Session - Work-dir: /home/sangram/Documents/personal/RPB/nextflow/work [ext2/ext3]
Mar-07 19:30:59.312 [main] DEBUG nextflow.Session - Script base path does not exist or is not a directory: /home/sangram/Documents/personal/RPB/nextflow/bin
Mar-07 19:30:59.351 [main] DEBUG nextflow.Session - Observer factory: TowerFactory
Mar-07 19:30:59.355 [main] DEBUG nextflow.Session - Observer factory: DefaultObserverFactory
Mar-07 19:30:59.769 [main] DEBUG nextflow.Session - Session start invoked
Mar-07 19:31:00.687 [main] DEBUG nextflow.script.ScriptRunner - > Launching execution
Mar-07 19:31:00.798 [PathVisitor-1] DEBUG nextflow.file.PathVisitor - files for syntax: glob; folder: /home/sangram/Documents/personal/RPB/nextflow/test_data/FASTQ/; pattern: SRR*_{1,2}.fastq.gz; options: [:]
Mar-07 19:31:01.188 [main] DEBUG nextflow.executor.ExecutorFactory - << taskConfig executor: null
Mar-07 19:31:01.188 [main] DEBUG nextflow.executor.ExecutorFactory - >> processorType: 'local'
Mar-07 19:31:01.196 [main] DEBUG nextflow.executor.Executor - [warm up] executor > local
Mar-07 19:31:01.204 [main] DEBUG n.processor.LocalPollingMonitor - Creating local task monitor for executor 'local' > cpus=4; memory=7.7 GB; capacity=4; pollInterval=100ms; dumpInterval=5m
Mar-07 19:31:01.290 [main] DEBUG nextflow.processor.TaskProcessor - Creating operator > fastqc_before_trim -- maxForks: 4
Mar-07 19:31:01.387 [main] DEBUG nextflow.executor.ExecutorFactory - << taskConfig executor: null
Mar-07 19:31:01.389 [main] DEBUG nextflow.executor.ExecutorFactory - >> processorType: 'local'
Mar-07 19:31:01.399 [main] DEBUG nextflow.processor.TaskProcessor - Creating operator > trim -- maxForks: 4
Mar-07 19:31:01.465 [main] DEBUG nextflow.executor.ExecutorFactory - << taskConfig executor: null
Mar-07 19:31:01.466 [main] DEBUG nextflow.executor.ExecutorFactory - >> processorType: 'local'
Mar-07 19:31:01.469 [main] DEBUG nextflow.processor.TaskProcessor - Creating operator > fastqc_after_trim -- maxForks: 4
Mar-07 19:31:01.481 [main] DEBUG nextflow.script.BaseScript - No entry workflow defined
Mar-07 19:31:01.483 [main] DEBUG nextflow.script.ScriptRunner - > Await termination 
Mar-07 19:31:01.483 [main] DEBUG nextflow.Session - Session await
Mar-07 19:31:01.489 [Actor Thread 1] WARN  nextflow.processor.TaskProcessor - Input tuple does not match input set cardinality declared by process `fastqc_before_trim` -- offending value: [SRR1039508, [/home/sangram/Documents/personal/RPB/nextflow/test_data/FASTQ/SRR1039508_1.fastq.gz, /home/sangram/Documents/personal/RPB/nextflow/test_data/FASTQ/SRR1039508_2.fastq.gz]]
Mar-07 19:31:01.714 [Task submitter] DEBUG nextflow.executor.LocalTaskHandler - Launch cmd line: /bin/bash -ue .command.run
Mar-07 19:31:01.739 [Task submitter] INFO  nextflow.Session - [6e/872c15] Submitted process > trim (trim on SRR1039508)
Mar-07 19:31:01.768 [Task submitter] DEBUG nextflow.executor.LocalTaskHandler - Launch cmd line: /bin/bash -ue .command.run
Mar-07 19:31:01.778 [Task submitter] INFO  nextflow.Session - [53/d568f6] Submitted process > fastqc_before_trim (FASTQC on SRR1039508)
Mar-07 19:31:04.479 [Task monitor] DEBUG n.processor.TaskPollingMonitor - Task completed > TaskHandler[id: 2; name: trim (trim on SRR1039508); status: COMPLETED; exit: 0; error: -; workDir: /home/sangram/Documents/personal/RPB/nextflow/work/6e/872c158ae020db3c9a824cb4849fd1]
Mar-07 19:31:04.575 [Task submitter] DEBUG nextflow.executor.LocalTaskHandler - Launch cmd line: /bin/bash -ue .command.run
Mar-07 19:31:04.586 [Task submitter] INFO  nextflow.Session - [50/776073] Submitted process > fastqc_after_trim (FASTQC on SRR1039508)
Mar-07 19:31:04.601 [Task monitor] DEBUG n.util.BlockingThreadExecutorFactory - Thread pool name=FileTransfer; maxThreads=12; maxQueueSize=36; keepAlive=1m
Mar-07 19:31:12.444 [Task monitor] DEBUG n.processor.TaskPollingMonitor - Task completed > TaskHandler[id: 1; name: fastqc_before_trim (FASTQC on SRR1039508); status: COMPLETED; exit: 0; error: -; workDir: /home/sangram/Documents/personal/RPB/nextflow/work/53/d568f61b13c14eccf0410f60d3d800]
Mar-07 19:31:14.065 [Task monitor] DEBUG n.processor.TaskPollingMonitor - Task completed > TaskHandler[id: 3; name: fastqc_after_trim (FASTQC on SRR1039508); status: COMPLETED; exit: 0; error: -; workDir: /home/sangram/Documents/personal/RPB/nextflow/work/50/7760735e58f5f957ab449fc42f19ef]
Mar-07 19:31:14.073 [main] DEBUG nextflow.Session - Session await > all process finished
Mar-07 19:31:14.074 [main] DEBUG nextflow.Session - Session await > all barriers passed
Mar-07 19:31:14.094 [main] DEBUG nextflow.trace.StatsObserver - Workflow completed > WorkflowStats[succeedCount=3; failedCount=0; ignoredCount=0; cachedCount=0; succeedDuration=22.6s; failedDuration=0ms; cachedDuration=0ms]
Mar-07 19:31:14.156 [main] DEBUG nextflow.CacheDB - Closing CacheDB done
Mar-07 19:31:14.191 [main] DEBUG nextflow.script.ScriptRunner - > Execution complete -- Goodbye
